<?xml version="1.0" encoding="UTF-8"?>
<!-- Generated by org.testng.reporters.JUnitReportReporter -->
<testsuite hostname="OSPL-BV-L58" failures="0" tests="3" name="stringProg.SideMenuTestNG" time="39.753" errors="0" timestamp="2021-07-13T18:03:18 IST" skipped="0">
  <testcase classname="stringProg.SideMenuTestNG" name="verifyPageTitleTest" time="6.727"/>
  <system-out/>
  <testcase classname="stringProg.SideMenuTestNG" name="verifyPageTitleTest2" time="17.526"/>
  <system-out/>
  <testcase classname="stringProg.SideMenuTestNG" name="verifyPageTitleTest1" time="15.500"/>
  <system-out/>
</testsuite> <!-- stringProg.SideMenuTestNG -->
